Determining if the pthread_create exist failed with the following output:
Change Dir: /home/tiberio/Dropbox/IC/VilmaProject/build/CMakeFiles/CMakeTmp

Run Build Command:/usr/bin/make "cmTryCompileExec2174473446/fast"
/usr/bin/make -f CMakeFiles/cmTryCompileExec2174473446.dir/build.make CMakeFiles/cmTryCompileExec2174473446.dir/build
make[1]: Entering directory `/home/tiberio/Dropbox/IC/VilmaProject/build/CMakeFiles/CMakeTmp'
/usr/bin/cmake -E cmake_progress_report /home/tiberio/Dropbox/IC/VilmaProject/build/CMakeFiles/CMakeTmp/CMakeFiles 1
Building C object CMakeFiles/cmTryCompileExec2174473446.dir/CheckSymbolExists.c.o
/usr/bin/cc    -o CMakeFiles/cmTryCompileExec2174473446.dir/CheckSymbolExists.c.o   -c /home/tiberio/Dropbox/IC/VilmaProject/build/CMakeFiles/CMakeTmp/CheckSymbolExists.c
Linking C executable cmTryCompileExec2174473446
/usr/bin/cmake -E cmake_link_script CMakeFiles/cmTryCompileExec2174473446.dir/link.txt --verbose=1
/usr/bin/cc       CMakeFiles/cmTryCompileExec2174473446.dir/CheckSymbolExists.c.o  -o cmTryCompileExec2174473446 -rdynamic 
CMakeFiles/cmTryCompileExec2174473446.dir/CheckSymbolExists.c.o: In function `main':
CheckSymbolExists.c:(.text+0x16): undefined reference to `pthread_create'
collect2: error: ld returned 1 exit status
make[1]: Leaving directory `/home/tiberio/Dropbox/IC/VilmaProject/build/CMakeFiles/CMakeTmp'
make[1]: *** [cmTryCompileExec2174473446] Error 1
make: *** [cmTryCompileExec2174473446/fast] Error 2

File /home/tiberio/Dropbox/IC/VilmaProject/build/CMakeFiles/CMakeTmp/CheckSymbolExists.c:
/* */
#include <pthread.h>

int main(int argc, char** argv)
{
  (void)argv;
#ifndef pthread_create
  return ((int*)(&pthread_create))[argc];
#else
  (void)argc;
  return 0;
#endif
}

Determining if the function pthread_create exists in the pthreads failed with the following output:
Change Dir: /home/tiberio/Dropbox/IC/VilmaProject/build/CMakeFiles/CMakeTmp

Run Build Command:/usr/bin/make "cmTryCompileExec2044045541/fast"
/usr/bin/make -f CMakeFiles/cmTryCompileExec2044045541.dir/build.make CMakeFiles/cmTryCompileExec2044045541.dir/build
make[1]: Entering directory `/home/tiberio/Dropbox/IC/VilmaProject/build/CMakeFiles/CMakeTmp'
/usr/bin/cmake -E cmake_progress_report /home/tiberio/Dropbox/IC/VilmaProject/build/CMakeFiles/CMakeTmp/CMakeFiles 1
Building C object CMakeFiles/cmTryCompileExec2044045541.dir/CheckFunctionExists.c.o
/usr/bin/cc   -DCHECK_FUNCTION_EXISTS=pthread_create   -o CMakeFiles/cmTryCompileExec2044045541.dir/CheckFunctionExists.c.o   -c /usr/share/cmake-2.8/Modules/CheckFunctionExists.c
Linking C executable cmTryCompileExec2044045541
/usr/bin/cmake -E cmake_link_script CMakeFiles/cmTryCompileExec2044045541.dir/link.txt --verbose=1
/usr/bin/cc   -DCHECK_FUNCTION_EXISTS=pthread_create    CMakeFiles/cmTryCompileExec2044045541.dir/CheckFunctionExists.c.o  -o cmTryCompileExec2044045541 -rdynamic -lpthreads 
/usr/bin/ld: cannot find -lpthreads
collect2: error: ld returned 1 exit status
make[1]: *** [cmTryCompileExec2044045541] Error 1
make[1]: Leaving directory `/home/tiberio/Dropbox/IC/VilmaProject/build/CMakeFiles/CMakeTmp'
make: *** [cmTryCompileExec2044045541/fast] Error 2


Determining if the Q_WS_WIN exist failed with the following output:
Change Dir: /home/tiberio/Dropbox/IC/VilmaProject/build/CMakeFiles/CMakeTmp

Run Build Command:/usr/bin/make "cmTryCompileExec4231452518/fast"
/usr/bin/make -f CMakeFiles/cmTryCompileExec4231452518.dir/build.make CMakeFiles/cmTryCompileExec4231452518.dir/build
make[1]: Entering directory `/home/tiberio/Dropbox/IC/VilmaProject/build/CMakeFiles/CMakeTmp'
/usr/bin/cmake -E cmake_progress_report /home/tiberio/Dropbox/IC/VilmaProject/build/CMakeFiles/CMakeTmp/CMakeFiles 1
Building CXX object CMakeFiles/cmTryCompileExec4231452518.dir/CheckSymbolExists.cxx.o
/usr/bin/c++    -I/usr/include/qt4    -o CMakeFiles/cmTryCompileExec4231452518.dir/CheckSymbolExists.cxx.o -c /home/tiberio/Dropbox/IC/VilmaProject/build/CMakeFiles/CMakeTmp/CheckSymbolExists.cxx
/home/tiberio/Dropbox/IC/VilmaProject/build/CMakeFiles/CMakeTmp/CheckSymbolExists.cxx: In function ‘int main(int, char**)’:
/home/tiberio/Dropbox/IC/VilmaProject/build/CMakeFiles/CMakeTmp/CheckSymbolExists.cxx:8:19: error: ‘Q_WS_WIN’ was not declared in this scope
   return ((int*)(&Q_WS_WIN))[argc];
                   ^
make[1]: *** [CMakeFiles/cmTryCompileExec4231452518.dir/CheckSymbolExists.cxx.o] Error 1
make[1]: Leaving directory `/home/tiberio/Dropbox/IC/VilmaProject/build/CMakeFiles/CMakeTmp'
make: *** [cmTryCompileExec4231452518/fast] Error 2

File /home/tiberio/Dropbox/IC/VilmaProject/build/CMakeFiles/CMakeTmp/CheckSymbolExists.cxx:
/* */
#include <QtCore/qglobal.h>

int main(int argc, char** argv)
{
  (void)argv;
#ifndef Q_WS_WIN
  return ((int*)(&Q_WS_WIN))[argc];
#else
  (void)argc;
  return 0;
#endif
}

Determining if the Q_WS_QWS exist failed with the following output:
Change Dir: /home/tiberio/Dropbox/IC/VilmaProject/build/CMakeFiles/CMakeTmp

Run Build Command:/usr/bin/make "cmTryCompileExec4226724395/fast"
/usr/bin/make -f CMakeFiles/cmTryCompileExec4226724395.dir/build.make CMakeFiles/cmTryCompileExec4226724395.dir/build
make[1]: Entering directory `/home/tiberio/Dropbox/IC/VilmaProject/build/CMakeFiles/CMakeTmp'
/usr/bin/cmake -E cmake_progress_report /home/tiberio/Dropbox/IC/VilmaProject/build/CMakeFiles/CMakeTmp/CMakeFiles 1
Building CXX object CMakeFiles/cmTryCompileExec4226724395.dir/CheckSymbolExists.cxx.o
/usr/bin/c++    -I/usr/include/qt4    -o CMakeFiles/cmTryCompileExec4226724395.dir/CheckSymbolExists.cxx.o -c /home/tiberio/Dropbox/IC/VilmaProject/build/CMakeFiles/CMakeTmp/CheckSymbolExists.cxx
/home/tiberio/Dropbox/IC/VilmaProject/build/CMakeFiles/CMakeTmp/CheckSymbolExists.cxx: In function ‘int main(int, char**)’:
/home/tiberio/Dropbox/IC/VilmaProject/build/CMakeFiles/CMakeTmp/CheckSymbolExists.cxx:8:19: error: ‘Q_WS_QWS’ was not declared in this scope
   return ((int*)(&Q_WS_QWS))[argc];
                   ^
make[1]: *** [CMakeFiles/cmTryCompileExec4226724395.dir/CheckSymbolExists.cxx.o] Error 1
make[1]: Leaving directory `/home/tiberio/Dropbox/IC/VilmaProject/build/CMakeFiles/CMakeTmp'
make: *** [cmTryCompileExec4226724395/fast] Error 2

File /home/tiberio/Dropbox/IC/VilmaProject/build/CMakeFiles/CMakeTmp/CheckSymbolExists.cxx:
/* */
#include <QtCore/qglobal.h>

int main(int argc, char** argv)
{
  (void)argv;
#ifndef Q_WS_QWS
  return ((int*)(&Q_WS_QWS))[argc];
#else
  (void)argc;
  return 0;
#endif
}

Determining if the Q_WS_MAC exist failed with the following output:
Change Dir: /home/tiberio/Dropbox/IC/VilmaProject/build/CMakeFiles/CMakeTmp

Run Build Command:/usr/bin/make "cmTryCompileExec4068232218/fast"
/usr/bin/make -f CMakeFiles/cmTryCompileExec4068232218.dir/build.make CMakeFiles/cmTryCompileExec4068232218.dir/build
make[1]: Entering directory `/home/tiberio/Dropbox/IC/VilmaProject/build/CMakeFiles/CMakeTmp'
/usr/bin/cmake -E cmake_progress_report /home/tiberio/Dropbox/IC/VilmaProject/build/CMakeFiles/CMakeTmp/CMakeFiles 1
Building CXX object CMakeFiles/cmTryCompileExec4068232218.dir/CheckSymbolExists.cxx.o
/usr/bin/c++    -I/usr/include/qt4    -o CMakeFiles/cmTryCompileExec4068232218.dir/CheckSymbolExists.cxx.o -c /home/tiberio/Dropbox/IC/VilmaProject/build/CMakeFiles/CMakeTmp/CheckSymbolExists.cxx
/home/tiberio/Dropbox/IC/VilmaProject/build/CMakeFiles/CMakeTmp/CheckSymbolExists.cxx: In function ‘int main(int, char**)’:
/home/tiberio/Dropbox/IC/VilmaProject/build/CMakeFiles/CMakeTmp/CheckSymbolExists.cxx:8:19: error: ‘Q_WS_MAC’ was not declared in this scope
   return ((int*)(&Q_WS_MAC))[argc];
                   ^
make[1]: *** [CMakeFiles/cmTryCompileExec4068232218.dir/CheckSymbolExists.cxx.o] Error 1
make[1]: Leaving directory `/home/tiberio/Dropbox/IC/VilmaProject/build/CMakeFiles/CMakeTmp'
make: *** [cmTryCompileExec4068232218/fast] Error 2

File /home/tiberio/Dropbox/IC/VilmaProject/build/CMakeFiles/CMakeTmp/CheckSymbolExists.cxx:
/* */
#include <QtCore/qglobal.h>

int main(int argc, char** argv)
{
  (void)argv;
#ifndef Q_WS_MAC
  return ((int*)(&Q_WS_MAC))[argc];
#else
  (void)argc;
  return 0;
#endif
}

